[2017-10-05 08:49:02.349 GMT 1	Trace	0	Orleans.Serialization.SerializationManager]	Registered type System.Tuple`1[T1] as Tuple`1'1	
[2017-10-05 08:49:02.352 GMT 1	Trace	0	Orleans.Serialization.SerializationManager]	Registered type System.Collections.IStructuralEquatable as IStructuralEquatable	
[2017-10-05 08:49:02.352 GMT 1	Trace	0	Orleans.Serialization.SerializationManager]	Registered type System.Collections.IStructuralComparable as IStructuralComparable	
[2017-10-05 08:49:02.354 GMT 1	Trace	0	Orleans.Serialization.SerializationManager]	Registered type System.IComparable as IComparable	
[2017-10-05 08:49:02.354 GMT 1	Trace	0	Orleans.Serialization.SerializationManager]	Registered type System.ITuple as ITuple	
[2017-10-05 08:49:02.354 GMT 1	Trace	0	Orleans.Serialization.SerializationManager]	Registered type System.Tuple`2[T1,T2] as Tuple`2'2	
[2017-10-05 08:49:02.354 GMT 1	Trace	0	Orleans.Serialization.SerializationManager]	Registered type System.Tuple`3[T1,T2,T3] as Tuple`3'3	
[2017-10-05 08:49:02.355 GMT 1	Trace	0	Orleans.Serialization.SerializationManager]	Registered type System.Tuple`4[T1,T2,T3,T4] as Tuple`4'4	
[2017-10-05 08:49:02.355 GMT 1	Trace	0	Orleans.Serialization.SerializationManager]	Registered type System.Tuple`5[T1,T2,T3,T4,T5] as Tuple`5'5	
[2017-10-05 08:49:02.355 GMT 1	Trace	0	Orleans.Serialization.SerializationManager]	Registered type System.Tuple`6[T1,T2,T3,T4,T5,T6] as Tuple`6'6	
[2017-10-05 08:49:02.355 GMT 1	Trace	0	Orleans.Serialization.SerializationManager]	Registered type System.Tuple`7[T1,T2,T3,T4,T5,T6,T7] as Tuple`7'7	
[2017-10-05 08:49:02.355 GMT 1	Trace	0	Orleans.Serialization.SerializationManager]	Registered type System.ValueTuple`1[T1] as ValueTuple`1'1	
[2017-10-05 08:49:02.355 GMT 1	Trace	0	Orleans.Serialization.SerializationManager]	Registered type System.IEquatable`1[System.ValueTuple`1[T1]] as IEquatable`1<ValueTuple`1'1>	
[2017-10-05 08:49:02.355 GMT 1	Trace	0	Orleans.Serialization.SerializationManager]	Registered type System.IComparable`1[System.ValueTuple`1[T1]] as IComparable`1<ValueTuple`1'1>	
[2017-10-05 08:49:02.355 GMT 1	Trace	0	Orleans.Serialization.SerializationManager]	Registered type System.ITupleInternal as ITupleInternal	
[2017-10-05 08:49:02.355 GMT 1	Trace	0	Orleans.Serialization.SerializationManager]	Registered type System.ValueType as ValueType	
[2017-10-05 08:49:02.355 GMT 1	Trace	0	Orleans.Serialization.SerializationManager]	Registered type System.ValueTuple`2[T1,T2] as ValueTuple`2'2	
[2017-10-05 08:49:02.355 GMT 1	Trace	0	Orleans.Serialization.SerializationManager]	Registered type System.IEquatable`1[System.ValueTuple`2[T1,T2]] as IEquatable`1<ValueTuple`2'2>	
[2017-10-05 08:49:02.355 GMT 1	Trace	0	Orleans.Serialization.SerializationManager]	Registered type System.IComparable`1[System.ValueTuple`2[T1,T2]] as IComparable`1<ValueTuple`2'2>	
[2017-10-05 08:49:02.355 GMT 1	Trace	0	Orleans.Serialization.SerializationManager]	Registered type System.ValueTuple`3[T1,T2,T3] as ValueTuple`3'3	
[2017-10-05 08:49:02.355 GMT 1	Trace	0	Orleans.Serialization.SerializationManager]	Registered type System.IEquatable`1[System.ValueTuple`3[T1,T2,T3]] as IEquatable`1<ValueTuple`3'3>	
[2017-10-05 08:49:02.355 GMT 1	Trace	0	Orleans.Serialization.SerializationManager]	Registered type System.IComparable`1[System.ValueTuple`3[T1,T2,T3]] as IComparable`1<ValueTuple`3'3>	
[2017-10-05 08:49:02.355 GMT 1	Trace	0	Orleans.Serialization.SerializationManager]	Registered type System.ValueTuple`4[T1,T2,T3,T4] as ValueTuple`4'4	
[2017-10-05 08:49:02.355 GMT 1	Trace	0	Orleans.Serialization.SerializationManager]	Registered type System.IEquatable`1[System.ValueTuple`4[T1,T2,T3,T4]] as IEquatable`1<ValueTuple`4'4>	
[2017-10-05 08:49:02.355 GMT 1	Trace	0	Orleans.Serialization.SerializationManager]	Registered type System.IComparable`1[System.ValueTuple`4[T1,T2,T3,T4]] as IComparable`1<ValueTuple`4'4>	
[2017-10-05 08:49:02.355 GMT 1	Trace	0	Orleans.Serialization.SerializationManager]	Registered type System.ValueTuple`5[T1,T2,T3,T4,T5] as ValueTuple`5'5	
[2017-10-05 08:49:02.355 GMT 1	Trace	0	Orleans.Serialization.SerializationManager]	Registered type System.IEquatable`1[System.ValueTuple`5[T1,T2,T3,T4,T5]] as IEquatable`1<ValueTuple`5'5>	
[2017-10-05 08:49:02.355 GMT 1	Trace	0	Orleans.Serialization.SerializationManager]	Registered type System.IComparable`1[System.ValueTuple`5[T1,T2,T3,T4,T5]] as IComparable`1<ValueTuple`5'5>	
[2017-10-05 08:49:02.355 GMT 1	Trace	0	Orleans.Serialization.SerializationManager]	Registered type System.ValueTuple`6[T1,T2,T3,T4,T5,T6] as ValueTuple`6'6	
[2017-10-05 08:49:02.355 GMT 1	Trace	0	Orleans.Serialization.SerializationManager]	Registered type System.IEquatable`1[System.ValueTuple`6[T1,T2,T3,T4,T5,T6]] as IEquatable`1<ValueTuple`6'6>	
[2017-10-05 08:49:02.355 GMT 1	Trace	0	Orleans.Serialization.SerializationManager]	Registered type System.IComparable`1[System.ValueTuple`6[T1,T2,T3,T4,T5,T6]] as IComparable`1<ValueTuple`6'6>	
[2017-10-05 08:49:02.355 GMT 1	Trace	0	Orleans.Serialization.SerializationManager]	Registered type System.ValueTuple`7[T1,T2,T3,T4,T5,T6,T7] as ValueTuple`7'7	
[2017-10-05 08:49:02.355 GMT 1	Trace	0	Orleans.Serialization.SerializationManager]	Registered type System.IEquatable`1[System.ValueTuple`7[T1,T2,T3,T4,T5,T6,T7]] as IEquatable`1<ValueTuple`7'7>	
[2017-10-05 08:49:02.355 GMT 1	Trace	0	Orleans.Serialization.SerializationManager]	Registered type System.IComparable`1[System.ValueTuple`7[T1,T2,T3,T4,T5,T6,T7]] as IComparable`1<ValueTuple`7'7>	
[2017-10-05 08:49:02.355 GMT 1	Trace	0	Orleans.Serialization.SerializationManager]	Registered type System.ValueTuple`8[T1,T2,T3,T4,T5,T6,T7,TRest] as ValueTuple`8'8	
[2017-10-05 08:49:02.355 GMT 1	Trace	0	Orleans.Serialization.SerializationManager]	Registered type System.IEquatable`1[System.ValueTuple`8[T1,T2,T3,T4,T5,T6,T7,TRest]] as IEquatable`1<ValueTuple`8'8>	
[2017-10-05 08:49:02.355 GMT 1	Trace	0	Orleans.Serialization.SerializationManager]	Registered type System.IComparable`1[System.ValueTuple`8[T1,T2,T3,T4,T5,T6,T7,TRest]] as IComparable`1<ValueTuple`8'8>	
[2017-10-05 08:49:02.355 GMT 1	Trace	0	Orleans.Serialization.SerializationManager]	Registered type System.Collections.Generic.List`1[T] as List`1'1	
[2017-10-05 08:49:02.355 GMT 1	Trace	0	Orleans.Serialization.SerializationManager]	Registered type System.Collections.Generic.IList`1[T] as IList`1<T>	
[2017-10-05 08:49:02.355 GMT 1	Trace	0	Orleans.Serialization.SerializationManager]	Registered type System.Collections.Generic.ICollection`1[T] as ICollection`1<T>	
[2017-10-05 08:49:02.355 GMT 1	Trace	0	Orleans.Serialization.SerializationManager]	Registered type System.Collections.Generic.IEnumerable`1[T] as IEnumerable`1<T>	
[2017-10-05 08:49:02.355 GMT 1	Trace	0	Orleans.Serialization.SerializationManager]	Registered type System.Collections.IEnumerable as IEnumerable	
[2017-10-05 08:49:02.355 GMT 1	Trace	0	Orleans.Serialization.SerializationManager]	Registered type System.Collections.IList as IList	
[2017-10-05 08:49:02.355 GMT 1	Trace	0	Orleans.Serialization.SerializationManager]	Registered type System.Collections.ICollection as ICollection	
[2017-10-05 08:49:02.355 GMT 1	Trace	0	Orleans.Serialization.SerializationManager]	Registered type System.Collections.Generic.IReadOnlyList`1[T] as IReadOnlyList`1<T>	
[2017-10-05 08:49:02.355 GMT 1	Trace	0	Orleans.Serialization.SerializationManager]	Registered type System.Collections.Generic.IReadOnlyCollection`1[T] as IReadOnlyCollection`1<T>	
[2017-10-05 08:49:02.356 GMT 1	Trace	0	Orleans.Serialization.SerializationManager]	Registered type System.Collections.ObjectModel.ReadOnlyCollection`1[T] as ReadOnlyCollection`1'1	
[2017-10-05 08:49:02.356 GMT 1	Trace	0	Orleans.Serialization.SerializationManager]	Registered type System.Collections.Generic.IList`1[T] as IList`1<T>	
[2017-10-05 08:49:02.356 GMT 1	Trace	0	Orleans.Serialization.SerializationManager]	Registered type System.Collections.Generic.ICollection`1[T] as ICollection`1<T>	
[2017-10-05 08:49:02.356 GMT 1	Trace	0	Orleans.Serialization.SerializationManager]	Registered type System.Collections.Generic.IEnumerable`1[T] as IEnumerable`1<T>	
[2017-10-05 08:49:02.356 GMT 1	Trace	0	Orleans.Serialization.SerializationManager]	Registered type System.Collections.Generic.IReadOnlyList`1[T] as IReadOnlyList`1<T>	
[2017-10-05 08:49:02.356 GMT 1	Trace	0	Orleans.Serialization.SerializationManager]	Registered type System.Collections.Generic.IReadOnlyCollection`1[T] as IReadOnlyCollection`1<T>	
[2017-10-05 08:49:02.356 GMT 1	Trace	0	Orleans.Serialization.SerializationManager]	Registered type System.Collections.Generic.LinkedList`1[T] as LinkedList`1'1	
[2017-10-05 08:49:02.356 GMT 1	Trace	0	Orleans.Serialization.SerializationManager]	Registered type System.Collections.Generic.ICollection`1[T] as ICollection`1<T>	
[2017-10-05 08:49:02.356 GMT 1	Trace	0	Orleans.Serialization.SerializationManager]	Registered type System.Collections.Generic.IEnumerable`1[T] as IEnumerable`1<T>	
[2017-10-05 08:49:02.356 GMT 1	Trace	0	Orleans.Serialization.SerializationManager]	Registered type System.Collections.Generic.IReadOnlyCollection`1[T] as IReadOnlyCollection`1<T>	
[2017-10-05 08:49:02.356 GMT 1	Trace	0	Orleans.Serialization.SerializationManager]	Registered type System.Runtime.Serialization.ISerializable as ISerializable	
[2017-10-05 08:49:02.356 GMT 1	Trace	0	Orleans.Serialization.SerializationManager]	Registered type System.Runtime.Serialization.IDeserializationCallback as IDeserializationCallback	
[2017-10-05 08:49:02.356 GMT 1	Trace	0	Orleans.Serialization.SerializationManager]	Registered type System.Collections.Generic.HashSet`1[T] as HashSet`1'1	
[2017-10-05 08:49:02.356 GMT 1	Trace	0	Orleans.Serialization.SerializationManager]	Registered type System.Collections.Generic.ICollection`1[T] as ICollection`1<T>	
[2017-10-05 08:49:02.356 GMT 1	Trace	0	Orleans.Serialization.SerializationManager]	Registered type System.Collections.Generic.IEnumerable`1[T] as IEnumerable`1<T>	
[2017-10-05 08:49:02.356 GMT 1	Trace	0	Orleans.Serialization.SerializationManager]	Registered type System.Collections.Generic.ISet`1[T] as ISet`1<T>	
[2017-10-05 08:49:02.356 GMT 1	Trace	0	Orleans.Serialization.SerializationManager]	Registered type System.Collections.Generic.IReadOnlyCollection`1[T] as IReadOnlyCollection`1<T>	
[2017-10-05 08:49:02.356 GMT 1	Trace	0	Orleans.Serialization.SerializationManager]	Registered type System.Collections.Generic.SortedSet`1[T] as SortedSet`1'1	
[2017-10-05 08:49:02.356 GMT 1	Trace	0	Orleans.Serialization.SerializationManager]	Registered type System.Collections.Generic.ISet`1[T] as ISet`1<T>	
[2017-10-05 08:49:02.356 GMT 1	Trace	0	Orleans.Serialization.SerializationManager]	Registered type System.Collections.Generic.ICollection`1[T] as ICollection`1<T>	
[2017-10-05 08:49:02.356 GMT 1	Trace	0	Orleans.Serialization.SerializationManager]	Registered type System.Collections.Generic.IEnumerable`1[T] as IEnumerable`1<T>	
[2017-10-05 08:49:02.356 GMT 1	Trace	0	Orleans.Serialization.SerializationManager]	Registered type System.Collections.Generic.IReadOnlyCollection`1[T] as IReadOnlyCollection`1<T>	
[2017-10-05 08:49:02.356 GMT 1	Trace	0	Orleans.Serialization.SerializationManager]	Registered type System.Collections.Generic.Stack`1[T] as Stack`1'1	
[2017-10-05 08:49:02.356 GMT 1	Trace	0	Orleans.Serialization.SerializationManager]	Registered type System.Collections.Generic.IEnumerable`1[T] as IEnumerable`1<T>	
[2017-10-05 08:49:02.356 GMT 1	Trace	0	Orleans.Serialization.SerializationManager]	Registered type System.Collections.Generic.IReadOnlyCollection`1[T] as IReadOnlyCollection`1<T>	
[2017-10-05 08:49:02.356 GMT 1	Trace	0	Orleans.Serialization.SerializationManager]	Registered type System.Collections.Generic.Queue`1[T] as Queue`1'1	
[2017-10-05 08:49:02.356 GMT 1	Trace	0	Orleans.Serialization.SerializationManager]	Registered type System.Collections.Generic.IEnumerable`1[T] as IEnumerable`1<T>	
[2017-10-05 08:49:02.356 GMT 1	Trace	0	Orleans.Serialization.SerializationManager]	Registered type System.Collections.Generic.IReadOnlyCollection`1[T] as IReadOnlyCollection`1<T>	
[2017-10-05 08:49:02.356 GMT 1	Trace	0	Orleans.Serialization.SerializationManager]	Registered type System.Collections.ObjectModel.ReadOnlyDictionary`2[TKey,TValue] as ReadOnlyDictionary`2'2	
[2017-10-05 08:49:02.356 GMT 1	Trace	0	Orleans.Serialization.SerializationManager]	Registered type System.Collections.Generic.IDictionary`2[TKey,TValue] as IDictionary`2<TKey,TValue>	
[2017-10-05 08:49:02.356 GMT 1	Trace	0	Orleans.Serialization.SerializationManager]	Registered type System.Collections.Generic.ICollection`1[System.Collections.Generic.KeyValuePair`2[TKey,TValue]] as ICollection`1<KeyValuePair`2<TKey,TValue>>	
[2017-10-05 08:49:02.356 GMT 1	Trace	0	Orleans.Serialization.SerializationManager]	Registered type System.Collections.Generic.IEnumerable`1[System.Collections.Generic.KeyValuePair`2[TKey,TValue]] as IEnumerable`1<KeyValuePair`2<TKey,TValue>>	
[2017-10-05 08:49:02.356 GMT 1	Trace	0	Orleans.Serialization.SerializationManager]	Registered type System.Collections.IDictionary as IDictionary	
[2017-10-05 08:49:02.356 GMT 1	Trace	0	Orleans.Serialization.SerializationManager]	Registered type System.Collections.Generic.IReadOnlyDictionary`2[TKey,TValue] as IReadOnlyDictionary`2<TKey,TValue>	
[2017-10-05 08:49:02.356 GMT 1	Trace	0	Orleans.Serialization.SerializationManager]	Registered type System.Collections.Generic.IReadOnlyCollection`1[System.Collections.Generic.KeyValuePair`2[TKey,TValue]] as IReadOnlyCollection`1<KeyValuePair`2<TKey,TValue>>	
[2017-10-05 08:49:02.356 GMT 1	Trace	0	Orleans.Serialization.SerializationManager]	Registered type System.Collections.Generic.Dictionary`2[TKey,TValue] as Dictionary`2'2	
[2017-10-05 08:49:02.356 GMT 1	Trace	0	Orleans.Serialization.SerializationManager]	Registered type System.Collections.Generic.IDictionary`2[TKey,TValue] as IDictionary`2<TKey,TValue>	
[2017-10-05 08:49:02.356 GMT 1	Trace	0	Orleans.Serialization.SerializationManager]	Registered type System.Collections.Generic.ICollection`1[System.Collections.Generic.KeyValuePair`2[TKey,TValue]] as ICollection`1<KeyValuePair`2<TKey,TValue>>	
[2017-10-05 08:49:02.356 GMT 1	Trace	0	Orleans.Serialization.SerializationManager]	Registered type System.Collections.Generic.IEnumerable`1[System.Collections.Generic.KeyValuePair`2[TKey,TValue]] as IEnumerable`1<KeyValuePair`2<TKey,TValue>>	
[2017-10-05 08:49:02.356 GMT 1	Trace	0	Orleans.Serialization.SerializationManager]	Registered type System.Collections.Generic.IReadOnlyDictionary`2[TKey,TValue] as IReadOnlyDictionary`2<TKey,TValue>	
[2017-10-05 08:49:02.356 GMT 1	Trace	0	Orleans.Serialization.SerializationManager]	Registered type System.Collections.Generic.IReadOnlyCollection`1[System.Collections.Generic.KeyValuePair`2[TKey,TValue]] as IReadOnlyCollection`1<KeyValuePair`2<TKey,TValue>>	
[2017-10-05 08:49:02.356 GMT 1	Trace	0	Orleans.Serialization.SerializationManager]	Registered type System.Collections.Generic.Dictionary`2[System.String,System.Object] as Dictionary`2<String,Object>	
[2017-10-05 08:49:02.356 GMT 1	Trace	0	Orleans.Serialization.SerializationManager]	Registered type System.Collections.Generic.IDictionary`2[System.String,System.Object] as IDictionary`2<String,Object>	
[2017-10-05 08:49:02.356 GMT 1	Trace	0	Orleans.Serialization.SerializationManager]	Registered type System.Collections.Generic.ICollection`1[System.Collections.Generic.KeyValuePair`2[System.String,System.Object]] as ICollection`1<KeyValuePair`2<String,Object>>	
[2017-10-05 08:49:02.356 GMT 1	Trace	0	Orleans.Serialization.SerializationManager]	Registered type System.Collections.Generic.IEnumerable`1[System.Collections.Generic.KeyValuePair`2[System.String,System.Object]] as IEnumerable`1<KeyValuePair`2<String,Object>>	
[2017-10-05 08:49:02.356 GMT 1	Trace	0	Orleans.Serialization.SerializationManager]	Registered type System.Collections.Generic.IReadOnlyDictionary`2[System.String,System.Object] as IReadOnlyDictionary`2<String,Object>	
[2017-10-05 08:49:02.356 GMT 1	Trace	0	Orleans.Serialization.SerializationManager]	Registered type System.Collections.Generic.IReadOnlyCollection`1[System.Collections.Generic.KeyValuePair`2[System.String,System.Object]] as IReadOnlyCollection`1<KeyValuePair`2<String,Object>>	
[2017-10-05 08:49:02.356 GMT 1	Trace	0	Orleans.Serialization.SerializationManager]	Registered type System.Collections.Generic.SortedDictionary`2[TKey,TValue] as SortedDictionary`2'2	
[2017-10-05 08:49:02.356 GMT 1	Trace	0	Orleans.Serialization.SerializationManager]	Registered type System.Collections.Generic.IDictionary`2[TKey,TValue] as IDictionary`2<TKey,TValue>	
[2017-10-05 08:49:02.356 GMT 1	Trace	0	Orleans.Serialization.SerializationManager]	Registered type System.Collections.Generic.ICollection`1[System.Collections.Generic.KeyValuePair`2[TKey,TValue]] as ICollection`1<KeyValuePair`2<TKey,TValue>>	
[2017-10-05 08:49:02.356 GMT 1	Trace	0	Orleans.Serialization.SerializationManager]	Registered type System.Collections.Generic.IEnumerable`1[System.Collections.Generic.KeyValuePair`2[TKey,TValue]] as IEnumerable`1<KeyValuePair`2<TKey,TValue>>	
[2017-10-05 08:49:02.356 GMT 1	Trace	0	Orleans.Serialization.SerializationManager]	Registered type System.Collections.Generic.IReadOnlyDictionary`2[TKey,TValue] as IReadOnlyDictionary`2<TKey,TValue>	
[2017-10-05 08:49:02.356 GMT 1	Trace	0	Orleans.Serialization.SerializationManager]	Registered type System.Collections.Generic.IReadOnlyCollection`1[System.Collections.Generic.KeyValuePair`2[TKey,TValue]] as IReadOnlyCollection`1<KeyValuePair`2<TKey,TValue>>	
[2017-10-05 08:49:02.356 GMT 1	Trace	0	Orleans.Serialization.SerializationManager]	Registered type System.Collections.Generic.SortedList`2[TKey,TValue] as SortedList`2'2	
[2017-10-05 08:49:02.356 GMT 1	Trace	0	Orleans.Serialization.SerializationManager]	Registered type System.Collections.Generic.IDictionary`2[TKey,TValue] as IDictionary`2<TKey,TValue>	
[2017-10-05 08:49:02.356 GMT 1	Trace	0	Orleans.Serialization.SerializationManager]	Registered type System.Collections.Generic.ICollection`1[System.Collections.Generic.KeyValuePair`2[TKey,TValue]] as ICollection`1<KeyValuePair`2<TKey,TValue>>	
[2017-10-05 08:49:02.356 GMT 1	Trace	0	Orleans.Serialization.SerializationManager]	Registered type System.Collections.Generic.IEnumerable`1[System.Collections.Generic.KeyValuePair`2[TKey,TValue]] as IEnumerable`1<KeyValuePair`2<TKey,TValue>>	
[2017-10-05 08:49:02.356 GMT 1	Trace	0	Orleans.Serialization.SerializationManager]	Registered type System.Collections.Generic.IReadOnlyDictionary`2[TKey,TValue] as IReadOnlyDictionary`2<TKey,TValue>	
[2017-10-05 08:49:02.357 GMT 1	Trace	0	Orleans.Serialization.SerializationManager]	Registered type System.Collections.Generic.IReadOnlyCollection`1[System.Collections.Generic.KeyValuePair`2[TKey,TValue]] as IReadOnlyCollection`1<KeyValuePair`2<TKey,TValue>>	
[2017-10-05 08:49:02.357 GMT 1	Trace	0	Orleans.Serialization.SerializationManager]	Registered type System.Collections.Generic.KeyValuePair`2[TKey,TValue] as KeyValuePair`2'2	
[2017-10-05 08:49:02.357 GMT 1	Trace	0	Orleans.Serialization.SerializationManager]	Registered type System.Nullable`1[T] as Nullable`1'1	
[2017-10-05 08:49:02.357 GMT 1	Trace	0	Orleans.Serialization.SerializationManager]	Registered type Orleans.Concurrency.Immutable`1[T] as Orleans.Concurrency.Immutable`1'1	
[2017-10-05 08:49:02.357 GMT 1	Trace	0	Orleans.Serialization.SerializationManager]	Registered type System.Collections.Immutable.ImmutableQueue`1[T] as ImmutableQueue`1'1	
[2017-10-05 08:49:02.357 GMT 1	Trace	0	Orleans.Serialization.SerializationManager]	Registered type System.Collections.Immutable.IImmutableQueue`1[T] as IImmutableQueue`1<T>	
[2017-10-05 08:49:02.357 GMT 1	Trace	0	Orleans.Serialization.SerializationManager]	Registered type System.Collections.Generic.IEnumerable`1[T] as IEnumerable`1<T>	
[2017-10-05 08:49:02.357 GMT 1	Trace	0	Orleans.Serialization.SerializationManager]	Registered type System.Collections.Immutable.ImmutableArray`1[T] as ImmutableArray`1'1	
[2017-10-05 08:49:02.357 GMT 1	Trace	0	Orleans.Serialization.SerializationManager]	Registered type System.Collections.Generic.IReadOnlyList`1[T] as IReadOnlyList`1<T>	
[2017-10-05 08:49:02.357 GMT 1	Trace	0	Orleans.Serialization.SerializationManager]	Registered type System.Collections.Generic.IReadOnlyCollection`1[T] as IReadOnlyCollection`1<T>	
[2017-10-05 08:49:02.357 GMT 1	Trace	0	Orleans.Serialization.SerializationManager]	Registered type System.Collections.Generic.IEnumerable`1[T] as IEnumerable`1<T>	
[2017-10-05 08:49:02.357 GMT 1	Trace	0	Orleans.Serialization.SerializationManager]	Registered type System.Collections.Generic.IList`1[T] as IList`1<T>	
[2017-10-05 08:49:02.357 GMT 1	Trace	0	Orleans.Serialization.SerializationManager]	Registered type System.Collections.Generic.ICollection`1[T] as ICollection`1<T>	
[2017-10-05 08:49:02.357 GMT 1	Trace	0	Orleans.Serialization.SerializationManager]	Registered type System.IEquatable`1[System.Collections.Immutable.ImmutableArray`1[T]] as IEquatable`1<ImmutableArray`1'1>	
[2017-10-05 08:49:02.357 GMT 1	Trace	0	Orleans.Serialization.SerializationManager]	Registered type System.Collections.Immutable.IImmutableArray as IImmutableArray	
[2017-10-05 08:49:02.357 GMT 1	Trace	0	Orleans.Serialization.SerializationManager]	Registered type System.Collections.Immutable.IImmutableList`1[T] as IImmutableList`1<T>	
[2017-10-05 08:49:02.357 GMT 1	Trace	0	Orleans.Serialization.SerializationManager]	Registered type System.Collections.Immutable.ImmutableSortedDictionary`2[TKey,TValue] as ImmutableSortedDictionary`2'2	
[2017-10-05 08:49:02.357 GMT 1	Trace	0	Orleans.Serialization.SerializationManager]	Registered type System.Collections.Immutable.IImmutableDictionary`2[TKey,TValue] as IImmutableDictionary`2<TKey,TValue>	
[2017-10-05 08:49:02.357 GMT 1	Trace	0	Orleans.Serialization.SerializationManager]	Registered type System.Collections.Generic.IReadOnlyDictionary`2[TKey,TValue] as IReadOnlyDictionary`2<TKey,TValue>	
[2017-10-05 08:49:02.357 GMT 1	Trace	0	Orleans.Serialization.SerializationManager]	Registered type System.Collections.Generic.IReadOnlyCollection`1[System.Collections.Generic.KeyValuePair`2[TKey,TValue]] as IReadOnlyCollection`1<KeyValuePair`2<TKey,TValue>>	
[2017-10-05 08:49:02.357 GMT 1	Trace	0	Orleans.Serialization.SerializationManager]	Registered type System.Collections.Generic.IEnumerable`1[System.Collections.Generic.KeyValuePair`2[TKey,TValue]] as IEnumerable`1<KeyValuePair`2<TKey,TValue>>	
[2017-10-05 08:49:02.357 GMT 1	Trace	0	Orleans.Serialization.SerializationManager]	Registered type System.Collections.Generic.ISortKeyCollection`1[TKey] as ISortKeyCollection`1<TKey>	
[2017-10-05 08:49:02.357 GMT 1	Trace	0	Orleans.Serialization.SerializationManager]	Registered type System.Collections.Generic.IDictionary`2[TKey,TValue] as IDictionary`2<TKey,TValue>	
[2017-10-05 08:49:02.357 GMT 1	Trace	0	Orleans.Serialization.SerializationManager]	Registered type System.Collections.Generic.ICollection`1[System.Collections.Generic.KeyValuePair`2[TKey,TValue]] as ICollection`1<KeyValuePair`2<TKey,TValue>>	
[2017-10-05 08:49:02.357 GMT 1	Trace	0	Orleans.Serialization.SerializationManager]	Registered type System.Collections.Immutable.ImmutableSortedSet`1[T] as ImmutableSortedSet`1'1	
[2017-10-05 08:49:02.357 GMT 1	Trace	0	Orleans.Serialization.SerializationManager]	Registered type System.Collections.Immutable.IImmutableSet`1[T] as IImmutableSet`1<T>	
[2017-10-05 08:49:02.357 GMT 1	Trace	0	Orleans.Serialization.SerializationManager]	Registered type System.Collections.Generic.IReadOnlyCollection`1[T] as IReadOnlyCollection`1<T>	
[2017-10-05 08:49:02.357 GMT 1	Trace	0	Orleans.Serialization.SerializationManager]	Registered type System.Collections.Generic.IEnumerable`1[T] as IEnumerable`1<T>	
[2017-10-05 08:49:02.357 GMT 1	Trace	0	Orleans.Serialization.SerializationManager]	Registered type System.Collections.Generic.ISortKeyCollection`1[T] as ISortKeyCollection`1<T>	
[2017-10-05 08:49:02.357 GMT 1	Trace	0	Orleans.Serialization.SerializationManager]	Registered type System.Collections.Generic.IReadOnlyList`1[T] as IReadOnlyList`1<T>	
[2017-10-05 08:49:02.357 GMT 1	Trace	0	Orleans.Serialization.SerializationManager]	Registered type System.Collections.Generic.IList`1[T] as IList`1<T>	
[2017-10-05 08:49:02.357 GMT 1	Trace	0	Orleans.Serialization.SerializationManager]	Registered type System.Collections.Generic.ICollection`1[T] as ICollection`1<T>	
[2017-10-05 08:49:02.357 GMT 1	Trace	0	Orleans.Serialization.SerializationManager]	Registered type System.Collections.Generic.ISet`1[T] as ISet`1<T>	
[2017-10-05 08:49:02.357 GMT 1	Trace	0	Orleans.Serialization.SerializationManager]	Registered type System.Collections.Immutable.IStrongEnumerable`2[T,System.Collections.Immutable.ImmutableSortedSet`1+Enumerator[T]] as IStrongEnumerable`2<T,ImmutableSortedSet`1'1.Enumerator<T>>	
[2017-10-05 08:49:02.357 GMT 1	Trace	0	Orleans.Serialization.SerializationManager]	Registered type System.Collections.Immutable.ImmutableHashSet`1[T] as ImmutableHashSet`1'1	
[2017-10-05 08:49:02.357 GMT 1	Trace	0	Orleans.Serialization.SerializationManager]	Registered type System.Collections.Immutable.IImmutableSet`1[T] as IImmutableSet`1<T>	
[2017-10-05 08:49:02.357 GMT 1	Trace	0	Orleans.Serialization.SerializationManager]	Registered type System.Collections.Generic.IReadOnlyCollection`1[T] as IReadOnlyCollection`1<T>	
[2017-10-05 08:49:02.357 GMT 1	Trace	0	Orleans.Serialization.SerializationManager]	Registered type System.Collections.Generic.IEnumerable`1[T] as IEnumerable`1<T>	
[2017-10-05 08:49:02.357 GMT 1	Trace	0	Orleans.Serialization.SerializationManager]	Registered type System.Collections.Generic.IHashKeyCollection`1[T] as IHashKeyCollection`1<T>	
[2017-10-05 08:49:02.357 GMT 1	Trace	0	Orleans.Serialization.SerializationManager]	Registered type System.Collections.Generic.ICollection`1[T] as ICollection`1<T>	
[2017-10-05 08:49:02.357 GMT 1	Trace	0	Orleans.Serialization.SerializationManager]	Registered type System.Collections.Generic.ISet`1[T] as ISet`1<T>	
[2017-10-05 08:49:02.357 GMT 1	Trace	0	Orleans.Serialization.SerializationManager]	Registered type System.Collections.Immutable.IStrongEnumerable`2[T,System.Collections.Immutable.ImmutableHashSet`1+Enumerator[T]] as IStrongEnumerable`2<T,ImmutableHashSet`1'1.Enumerator<T>>	
[2017-10-05 08:49:02.357 GMT 1	Trace	0	Orleans.Serialization.SerializationManager]	Registered type System.Collections.Immutable.ImmutableDictionary`2[TKey,TValue] as ImmutableDictionary`2'2	
[2017-10-05 08:49:02.357 GMT 1	Trace	0	Orleans.Serialization.SerializationManager]	Registered type System.Collections.Immutable.IImmutableDictionary`2[TKey,TValue] as IImmutableDictionary`2<TKey,TValue>	
[2017-10-05 08:49:02.357 GMT 1	Trace	0	Orleans.Serialization.SerializationManager]	Registered type System.Collections.Generic.IReadOnlyDictionary`2[TKey,TValue] as IReadOnlyDictionary`2<TKey,TValue>	
[2017-10-05 08:49:02.357 GMT 1	Trace	0	Orleans.Serialization.SerializationManager]	Registered type System.Collections.Generic.IReadOnlyCollection`1[System.Collections.Generic.KeyValuePair`2[TKey,TValue]] as IReadOnlyCollection`1<KeyValuePair`2<TKey,TValue>>	
[2017-10-05 08:49:02.357 GMT 1	Trace	0	Orleans.Serialization.SerializationManager]	Registered type System.Collections.Generic.IEnumerable`1[System.Collections.Generic.KeyValuePair`2[TKey,TValue]] as IEnumerable`1<KeyValuePair`2<TKey,TValue>>	
[2017-10-05 08:49:02.357 GMT 1	Trace	0	Orleans.Serialization.SerializationManager]	Registered type System.Collections.Immutable.IImmutableDictionaryInternal`2[TKey,TValue] as IImmutableDictionaryInternal`2<TKey,TValue>	
[2017-10-05 08:49:02.357 GMT 1	Trace	0	Orleans.Serialization.SerializationManager]	Registered type System.Collections.Generic.IHashKeyCollection`1[TKey] as IHashKeyCollection`1<TKey>	
[2017-10-05 08:49:02.357 GMT 1	Trace	0	Orleans.Serialization.SerializationManager]	Registered type System.Collections.Generic.IDictionary`2[TKey,TValue] as IDictionary`2<TKey,TValue>	
[2017-10-05 08:49:02.357 GMT 1	Trace	0	Orleans.Serialization.SerializationManager]	Registered type System.Collections.Generic.ICollection`1[System.Collections.Generic.KeyValuePair`2[TKey,TValue]] as ICollection`1<KeyValuePair`2<TKey,TValue>>	
[2017-10-05 08:49:02.357 GMT 1	Trace	0	Orleans.Serialization.SerializationManager]	Registered type System.Collections.Immutable.ImmutableList`1[T] as ImmutableList`1'1	
[2017-10-05 08:49:02.357 GMT 1	Trace	0	Orleans.Serialization.SerializationManager]	Registered type System.Collections.Immutable.IImmutableList`1[T] as IImmutableList`1<T>	
[2017-10-05 08:49:02.357 GMT 1	Trace	0	Orleans.Serialization.SerializationManager]	Registered type System.Collections.Generic.IReadOnlyList`1[T] as IReadOnlyList`1<T>	
[2017-10-05 08:49:02.357 GMT 1	Trace	0	Orleans.Serialization.SerializationManager]	Registered type System.Collections.Generic.IReadOnlyCollection`1[T] as IReadOnlyCollection`1<T>	
[2017-10-05 08:49:02.357 GMT 1	Trace	0	Orleans.Serialization.SerializationManager]	Registered type System.Collections.Generic.IEnumerable`1[T] as IEnumerable`1<T>	
[2017-10-05 08:49:02.357 GMT 1	Trace	0	Orleans.Serialization.SerializationManager]	Registered type System.Collections.Generic.IList`1[T] as IList`1<T>	
[2017-10-05 08:49:02.357 GMT 1	Trace	0	Orleans.Serialization.SerializationManager]	Registered type System.Collections.Generic.ICollection`1[T] as ICollection`1<T>	
[2017-10-05 08:49:02.357 GMT 1	Trace	0	Orleans.Serialization.SerializationManager]	Registered type System.Collections.Immutable.IOrderedCollection`1[T] as IOrderedCollection`1<T>	
[2017-10-05 08:49:02.357 GMT 1	Trace	0	Orleans.Serialization.SerializationManager]	Registered type System.Collections.Immutable.IImmutableListQueries`1[T] as IImmutableListQueries`1<T>	
[2017-10-05 08:49:02.357 GMT 1	Trace	0	Orleans.Serialization.SerializationManager]	Registered type System.Collections.Immutable.IStrongEnumerable`2[T,System.Collections.Immutable.ImmutableList`1+Enumerator[T]] as IStrongEnumerable`2<T,ImmutableList`1'1.Enumerator<T>>	
[2017-10-05 08:49:02.357 GMT 1	Trace	0	Orleans.Serialization.SerializationManager]	Registered type System.TimeSpan as TimeSpan	
[2017-10-05 08:49:02.357 GMT 1	Trace	0	Orleans.Serialization.SerializationManager]	Registered type System.IComparable`1[System.TimeSpan] as IComparable`1<TimeSpan>	
[2017-10-05 08:49:02.357 GMT 1	Trace	0	Orleans.Serialization.SerializationManager]	Registered type System.IEquatable`1[System.TimeSpan] as IEquatable`1<TimeSpan>	
[2017-10-05 08:49:02.357 GMT 1	Trace	0	Orleans.Serialization.SerializationManager]	Registered type System.IFormattable as IFormattable	
[2017-10-05 08:49:02.357 GMT 1	Trace	0	Orleans.Serialization.SerializationManager]	Registered type System.DateTimeOffset as DateTimeOffset	
[2017-10-05 08:49:02.357 GMT 1	Trace	0	Orleans.Serialization.SerializationManager]	Registered type System.IComparable`1[System.DateTimeOffset] as IComparable`1<DateTimeOffset>	
[2017-10-05 08:49:02.357 GMT 1	Trace	0	Orleans.Serialization.SerializationManager]	Registered type System.IEquatable`1[System.DateTimeOffset] as IEquatable`1<DateTimeOffset>	
[2017-10-05 08:49:02.357 GMT 1	Trace	0	Orleans.Serialization.SerializationManager]	Registered type System.Type as Type	
[2017-10-05 08:49:02.357 GMT 1	Trace	0	Orleans.Serialization.SerializationManager]	Registered type System.Reflection.ICustomAttributeProvider as ICustomAttributeProvider	
[2017-10-05 08:49:02.357 GMT 1	Trace	0	Orleans.Serialization.SerializationManager]	Registered type System.Runtime.InteropServices._MemberInfo as _MemberInfo	
[2017-10-05 08:49:02.357 GMT 1	Trace	0	Orleans.Serialization.SerializationManager]	Registered type System.Runtime.InteropServices._Type as _Type	
[2017-10-05 08:49:02.357 GMT 1	Trace	0	Orleans.Serialization.SerializationManager]	Registered type System.Reflection.IReflect as IReflect	
[2017-10-05 08:49:02.357 GMT 1	Trace	0	Orleans.Serialization.SerializationManager]	Registered type System.Reflection.MemberInfo as MemberInfo	
[2017-10-05 08:49:02.357 GMT 1	Trace	0	Orleans.Serialization.SerializationManager]	Registered type System.RuntimeType as RuntimeType	
[2017-10-05 08:49:02.357 GMT 1	Trace	0	Orleans.Serialization.SerializationManager]	Registered type System.Reflection.IReflectableType as IReflectableType	
[2017-10-05 08:49:02.357 GMT 1	Trace	0	Orleans.Serialization.SerializationManager]	Registered type System.ICloneable as ICloneable	
[2017-10-05 08:49:02.357 GMT 1	Trace	0	Orleans.Serialization.SerializationManager]	Registered type System.Reflection.TypeInfo as TypeInfo	
[2017-10-05 08:49:02.358 GMT 1	Trace	0	Orleans.Serialization.SerializationManager]	Registered type System.Guid as Guid	
[2017-10-05 08:49:02.358 GMT 1	Trace	0	Orleans.Serialization.SerializationManager]	Registered type System.IComparable`1[System.Guid] as IComparable`1<Guid>	
[2017-10-05 08:49:02.358 GMT 1	Trace	0	Orleans.Serialization.SerializationManager]	Registered type System.IEquatable`1[System.Guid] as IEquatable`1<Guid>	
[2017-10-05 08:49:02.358 GMT 1	Trace	0	Orleans.Serialization.SerializationManager]	Registered type System.Net.IPAddress as IPAddress	
[2017-10-05 08:49:02.358 GMT 1	Trace	0	Orleans.Serialization.SerializationManager]	Registered type System.Net.IPEndPoint as IPEndPoint	
[2017-10-05 08:49:02.358 GMT 1	Trace	0	Orleans.Serialization.SerializationManager]	Registered type System.Net.EndPoint as EndPoint	
[2017-10-05 08:49:02.358 GMT 1	Trace	0	Orleans.Serialization.SerializationManager]	Registered type System.Uri as Uri	
[2017-10-05 08:49:02.358 GMT 1	Trace	0	Orleans.Serialization.SerializationManager]	Registered type System.Globalization.CultureInfo as CultureInfo	
[2017-10-05 08:49:02.358 GMT 1	Trace	0	Orleans.Serialization.SerializationManager]	Registered type System.IFormatProvider as IFormatProvider	
[2017-10-05 08:49:02.358 GMT 1	Trace	0	Orleans.Serialization.SerializationManager]	Registered type Orleans.CodeGeneration.InvokeMethodRequest as Orleans.CodeGeneration.InvokeMethodRequest	
[2017-10-05 08:49:02.358 GMT 1	Trace	0	Orleans.Serialization.SerializationManager]	Registered type Orleans.Runtime.Response as Orleans.Runtime.Response	
[2017-10-05 08:49:02.358 GMT 1	Trace	0	Orleans.Serialization.SerializationManager]	Registered type Orleans.Runtime.ActivationId as Orleans.Runtime.ActivationId	
[2017-10-05 08:49:02.358 GMT 1	Trace	0	Orleans.Serialization.SerializationManager]	Registered type System.IEquatable`1[Orleans.Runtime.UniqueIdentifier] as IEquatable`1<Orleans.Runtime.UniqueIdentifier>	
[2017-10-05 08:49:02.358 GMT 1	Trace	0	Orleans.Serialization.SerializationManager]	Registered type System.IComparable`1[Orleans.Runtime.UniqueIdentifier] as IComparable`1<Orleans.Runtime.UniqueIdentifier>	
[2017-10-05 08:49:02.358 GMT 1	Trace	0	Orleans.Serialization.SerializationManager]	Registered type System.IEquatable`1[Orleans.Runtime.ActivationId] as IEquatable`1<Orleans.Runtime.ActivationId>	
[2017-10-05 08:49:02.358 GMT 1	Trace	0	Orleans.Serialization.SerializationManager]	Registered type Orleans.Runtime.UniqueIdentifier as Orleans.Runtime.UniqueIdentifier	
[2017-10-05 08:49:02.358 GMT 1	Trace	0	Orleans.Serialization.SerializationManager]	Registered type Orleans.Runtime.GrainId as Orleans.Runtime.GrainId	
[2017-10-05 08:49:02.358 GMT 1	Trace	0	Orleans.Serialization.SerializationManager]	Registered type System.IEquatable`1[Orleans.Runtime.GrainId] as IEquatable`1<Orleans.Runtime.GrainId>	
[2017-10-05 08:49:02.358 GMT 1	Trace	0	Orleans.Serialization.SerializationManager]	Registered type Orleans.Core.IGrainIdentity as Orleans.Core.IGrainIdentity	
[2017-10-05 08:49:02.358 GMT 1	Trace	0	Orleans.Serialization.SerializationManager]	Registered type Orleans.Runtime.ActivationAddress as Orleans.Runtime.ActivationAddress	
[2017-10-05 08:49:02.358 GMT 1	Trace	0	Orleans.Serialization.SerializationManager]	Registered type Orleans.Runtime.CorrelationId as Orleans.Runtime.CorrelationId	
[2017-10-05 08:49:02.358 GMT 1	Trace	0	Orleans.Serialization.SerializationManager]	Registered type System.IEquatable`1[Orleans.Runtime.CorrelationId] as IEquatable`1<Orleans.Runtime.CorrelationId>	
[2017-10-05 08:49:02.358 GMT 1	Trace	0	Orleans.Serialization.SerializationManager]	Registered type System.IComparable`1[Orleans.Runtime.CorrelationId] as IComparable`1<Orleans.Runtime.CorrelationId>	
[2017-10-05 08:49:02.358 GMT 1	Trace	0	Orleans.Serialization.SerializationManager]	Registered type Orleans.Runtime.SiloAddress as Orleans.Runtime.SiloAddress	
[2017-10-05 08:49:02.358 GMT 1	Trace	0	Orleans.Serialization.SerializationManager]	Registered type System.IEquatable`1[Orleans.Runtime.SiloAddress] as IEquatable`1<Orleans.Runtime.SiloAddress>	
[2017-10-05 08:49:02.358 GMT 1	Trace	0	Orleans.Serialization.SerializationManager]	Registered type System.IComparable`1[Orleans.Runtime.SiloAddress] as IComparable`1<Orleans.Runtime.SiloAddress>	
[2017-10-05 08:49:02.358 GMT 1	Trace	0	Orleans.Serialization.SerializationManager]	Registered type System.Boolean as Boolean	
[2017-10-05 08:49:02.358 GMT 1	Trace	0	Orleans.Serialization.SerializationManager]	Registered type System.IConvertible as IConvertible	
[2017-10-05 08:49:02.358 GMT 1	Trace	0	Orleans.Serialization.SerializationManager]	Registered type System.IComparable`1[System.Boolean] as IComparable`1<Boolean>	
[2017-10-05 08:49:02.358 GMT 1	Trace	0	Orleans.Serialization.SerializationManager]	Registered type System.IEquatable`1[System.Boolean] as IEquatable`1<Boolean>	
[2017-10-05 08:49:02.358 GMT 1	Trace	0	Orleans.Serialization.SerializationManager]	Registered type System.Int32 as Int32	
[2017-10-05 08:49:02.358 GMT 1	Trace	0	Orleans.Serialization.SerializationManager]	Registered type System.IComparable`1[System.Int32] as IComparable`1<Int32>	
[2017-10-05 08:49:02.358 GMT 1	Trace	0	Orleans.Serialization.SerializationManager]	Registered type System.IEquatable`1[System.Int32] as IEquatable`1<Int32>	
[2017-10-05 08:49:02.358 GMT 1	Trace	0	Orleans.Serialization.SerializationManager]	Registered type System.Int16 as Int16	
[2017-10-05 08:49:02.358 GMT 1	Trace	0	Orleans.Serialization.SerializationManager]	Registered type System.IComparable`1[System.Int16] as IComparable`1<Int16>	
[2017-10-05 08:49:02.358 GMT 1	Trace	0	Orleans.Serialization.SerializationManager]	Registered type System.IEquatable`1[System.Int16] as IEquatable`1<Int16>	
[2017-10-05 08:49:02.358 GMT 1	Trace	0	Orleans.Serialization.SerializationManager]	Registered type System.SByte as SByte	
[2017-10-05 08:49:02.358 GMT 1	Trace	0	Orleans.Serialization.SerializationManager]	Registered type System.IComparable`1[System.SByte] as IComparable`1<SByte>	
[2017-10-05 08:49:02.358 GMT 1	Trace	0	Orleans.Serialization.SerializationManager]	Registered type System.IEquatable`1[System.SByte] as IEquatable`1<SByte>	
[2017-10-05 08:49:02.358 GMT 1	Trace	0	Orleans.Serialization.SerializationManager]	Registered type System.Int64 as Int64	
[2017-10-05 08:49:02.358 GMT 1	Trace	0	Orleans.Serialization.SerializationManager]	Registered type System.IComparable`1[System.Int64] as IComparable`1<Int64>	
[2017-10-05 08:49:02.358 GMT 1	Trace	0	Orleans.Serialization.SerializationManager]	Registered type System.IEquatable`1[System.Int64] as IEquatable`1<Int64>	
[2017-10-05 08:49:02.358 GMT 1	Trace	0	Orleans.Serialization.SerializationManager]	Registered type System.UInt32 as UInt32	
[2017-10-05 08:49:02.358 GMT 1	Trace	0	Orleans.Serialization.SerializationManager]	Registered type System.IComparable`1[System.UInt32] as IComparable`1<UInt32>	
[2017-10-05 08:49:02.358 GMT 1	Trace	0	Orleans.Serialization.SerializationManager]	Registered type System.IEquatable`1[System.UInt32] as IEquatable`1<UInt32>	
[2017-10-05 08:49:02.358 GMT 1	Trace	0	Orleans.Serialization.SerializationManager]	Registered type System.UInt16 as UInt16	
[2017-10-05 08:49:02.358 GMT 1	Trace	0	Orleans.Serialization.SerializationManager]	Registered type System.IComparable`1[System.UInt16] as IComparable`1<UInt16>	
[2017-10-05 08:49:02.358 GMT 1	Trace	0	Orleans.Serialization.SerializationManager]	Registered type System.IEquatable`1[System.UInt16] as IEquatable`1<UInt16>	
[2017-10-05 08:49:02.358 GMT 1	Trace	0	Orleans.Serialization.SerializationManager]	Registered type System.Byte as Byte	
[2017-10-05 08:49:02.358 GMT 1	Trace	0	Orleans.Serialization.SerializationManager]	Registered type System.IComparable`1[System.Byte] as IComparable`1<Byte>	
[2017-10-05 08:49:02.358 GMT 1	Trace	0	Orleans.Serialization.SerializationManager]	Registered type System.IEquatable`1[System.Byte] as IEquatable`1<Byte>	
[2017-10-05 08:49:02.358 GMT 1	Trace	0	Orleans.Serialization.SerializationManager]	Registered type System.UInt64 as UInt64	
[2017-10-05 08:49:02.358 GMT 1	Trace	0	Orleans.Serialization.SerializationManager]	Registered type System.IComparable`1[System.UInt64] as IComparable`1<UInt64>	
[2017-10-05 08:49:02.358 GMT 1	Trace	0	Orleans.Serialization.SerializationManager]	Registered type System.IEquatable`1[System.UInt64] as IEquatable`1<UInt64>	
[2017-10-05 08:49:02.358 GMT 1	Trace	0	Orleans.Serialization.SerializationManager]	Registered type System.Single as Single	
[2017-10-05 08:49:02.358 GMT 1	Trace	0	Orleans.Serialization.SerializationManager]	Registered type System.IComparable`1[System.Single] as IComparable`1<Single>	
[2017-10-05 08:49:02.358 GMT 1	Trace	0	Orleans.Serialization.SerializationManager]	Registered type System.IEquatable`1[System.Single] as IEquatable`1<Single>	
[2017-10-05 08:49:02.358 GMT 1	Trace	0	Orleans.Serialization.SerializationManager]	Registered type System.Double as Double	
[2017-10-05 08:49:02.358 GMT 1	Trace	0	Orleans.Serialization.SerializationManager]	Registered type System.IComparable`1[System.Double] as IComparable`1<Double>	
[2017-10-05 08:49:02.358 GMT 1	Trace	0	Orleans.Serialization.SerializationManager]	Registered type System.IEquatable`1[System.Double] as IEquatable`1<Double>	
[2017-10-05 08:49:02.358 GMT 1	Trace	0	Orleans.Serialization.SerializationManager]	Registered type System.Decimal as Decimal	
[2017-10-05 08:49:02.358 GMT 1	Trace	0	Orleans.Serialization.SerializationManager]	Registered type System.IComparable`1[System.Decimal] as IComparable`1<Decimal>	
[2017-10-05 08:49:02.358 GMT 1	Trace	0	Orleans.Serialization.SerializationManager]	Registered type System.IEquatable`1[System.Decimal] as IEquatable`1<Decimal>	
[2017-10-05 08:49:02.358 GMT 1	Trace	0	Orleans.Serialization.SerializationManager]	Registered type System.String as String	
[2017-10-05 08:49:02.358 GMT 1	Trace	0	Orleans.Serialization.SerializationManager]	Registered type System.IComparable`1[System.String] as IComparable`1<String>	
[2017-10-05 08:49:02.358 GMT 1	Trace	0	Orleans.Serialization.SerializationManager]	Registered type System.Collections.Generic.IEnumerable`1[System.Char] as IEnumerable`1<Char>	
[2017-10-05 08:49:02.358 GMT 1	Trace	0	Orleans.Serialization.SerializationManager]	Registered type System.IEquatable`1[System.String] as IEquatable`1<String>	
[2017-10-05 08:49:02.358 GMT 1	Trace	0	Orleans.Serialization.SerializationManager]	Registered type System.Char as Char	
[2017-10-05 08:49:02.358 GMT 1	Trace	0	Orleans.Serialization.SerializationManager]	Registered type System.IComparable`1[System.Char] as IComparable`1<Char>	
[2017-10-05 08:49:02.358 GMT 1	Trace	0	Orleans.Serialization.SerializationManager]	Registered type System.IEquatable`1[System.Char] as IEquatable`1<Char>	
[2017-10-05 08:49:02.358 GMT 1	Trace	0	Orleans.Serialization.SerializationManager]	Registered type System.DateTime as DateTime	
[2017-10-05 08:49:02.358 GMT 1	Trace	0	Orleans.Serialization.SerializationManager]	Registered type System.IComparable`1[System.DateTime] as IComparable`1<DateTime>	
[2017-10-05 08:49:02.358 GMT 1	Trace	0	Orleans.Serialization.SerializationManager]	Registered type System.IEquatable`1[System.DateTime] as IEquatable`1<DateTime>	
[2017-10-05 08:49:02.358 GMT 1	Trace	0	Orleans.Serialization.SerializationManager]	Registered type System.Object as Object	
[2017-10-05 08:49:02.358 GMT 1	Trace	0	Orleans.Serialization.SerializationManager]	Registered type System.Collections.Generic.IList`1[T] as IList`1'1	
[2017-10-05 08:49:02.359 GMT 1	Trace	0	Orleans.Serialization.SerializationManager]	Registered type System.Collections.Generic.ICollection`1[T] as ICollection`1<T>	
[2017-10-05 08:49:02.359 GMT 1	Trace	0	Orleans.Serialization.SerializationManager]	Registered type System.Collections.Generic.IEnumerable`1[T] as IEnumerable`1<T>	
[2017-10-05 08:49:02.359 GMT 1	Trace	0	Orleans.Serialization.SerializationManager]	Registered type System.Collections.Generic.IDictionary`2[TKey,TValue] as IDictionary`2'2	
[2017-10-05 08:49:02.359 GMT 1	Trace	0	Orleans.Serialization.SerializationManager]	Registered type System.Collections.Generic.ICollection`1[System.Collections.Generic.KeyValuePair`2[TKey,TValue]] as ICollection`1<KeyValuePair`2<TKey,TValue>>	
[2017-10-05 08:49:02.359 GMT 1	Trace	0	Orleans.Serialization.SerializationManager]	Registered type System.Collections.Generic.IEnumerable`1[System.Collections.Generic.KeyValuePair`2[TKey,TValue]] as IEnumerable`1<KeyValuePair`2<TKey,TValue>>	
[2017-10-05 08:49:02.359 GMT 1	Trace	0	Orleans.Serialization.SerializationManager]	Registered type System.Collections.Generic.IEnumerable`1[T] as IEnumerable`1'1	
[2017-10-05 08:49:02.359 GMT 1	Trace	0	Orleans.Serialization.SerializationManager]	Registered type System.Collections.Generic.ICollection`1[T] as ICollection`1'1	
[2017-10-05 08:49:02.359 GMT 1	Trace	0	Orleans.Serialization.SerializationManager]	Registered type System.Collections.Generic.IEnumerable`1[T] as IEnumerable`1<T>	
[2017-10-05 08:49:02.359 GMT 1	Trace	0	Orleans.Serialization.SerializationManager]	Registered type System.Collections.Generic.ISet`1[T] as ISet`1'1	
[2017-10-05 08:49:02.359 GMT 1	Trace	0	Orleans.Serialization.SerializationManager]	Registered type System.Collections.Generic.ICollection`1[T] as ICollection`1<T>	
[2017-10-05 08:49:02.359 GMT 1	Trace	0	Orleans.Serialization.SerializationManager]	Registered type System.Collections.Generic.IEnumerable`1[T] as IEnumerable`1<T>	
[2017-10-05 08:49:02.359 GMT 1	Trace	0	Orleans.Serialization.SerializationManager]	Registered type System.Collections.Generic.IReadOnlyDictionary`2[TKey,TValue] as IReadOnlyDictionary`2'2	
[2017-10-05 08:49:02.359 GMT 1	Trace	0	Orleans.Serialization.SerializationManager]	Registered type System.Collections.Generic.IReadOnlyCollection`1[System.Collections.Generic.KeyValuePair`2[TKey,TValue]] as IReadOnlyCollection`1<KeyValuePair`2<TKey,TValue>>	
[2017-10-05 08:49:02.359 GMT 1	Trace	0	Orleans.Serialization.SerializationManager]	Registered type System.Collections.Generic.IEnumerable`1[System.Collections.Generic.KeyValuePair`2[TKey,TValue]] as IEnumerable`1<KeyValuePair`2<TKey,TValue>>	
[2017-10-05 08:49:02.359 GMT 1	Trace	0	Orleans.Serialization.SerializationManager]	Registered type System.Collections.Generic.IReadOnlyCollection`1[T] as IReadOnlyCollection`1'1	
[2017-10-05 08:49:02.359 GMT 1	Trace	0	Orleans.Serialization.SerializationManager]	Registered type System.Collections.Generic.IEnumerable`1[T] as IEnumerable`1<T>	
[2017-10-05 08:49:02.359 GMT 1	Trace	0	Orleans.Serialization.SerializationManager]	Registered type System.Collections.Generic.IReadOnlyList`1[T] as IReadOnlyList`1'1	
[2017-10-05 08:49:02.359 GMT 1	Trace	0	Orleans.Serialization.SerializationManager]	Registered type System.Collections.Generic.IReadOnlyCollection`1[T] as IReadOnlyCollection`1<T>	
[2017-10-05 08:49:02.359 GMT 1	Trace	0	Orleans.Serialization.SerializationManager]	Registered type System.Collections.Generic.IEnumerable`1[T] as IEnumerable`1<T>	
[2017-10-05 08:49:02.359 GMT 1	Trace	0	Orleans.Serialization.SerializationManager]	Registered type Orleans.Runtime.Message+Categories as Orleans.Runtime.Or